-------------------------------------------------------------------------------
Test set: gov.daip.d8.test.DAIPAcceptanceTestSuite
-------------------------------------------------------------------------------
Tests run: 652, Failures: 2, Errors: 9, Skipped: 11, Time elapsed: 1,246.548 sec <<< FAILURE! - in gov.daip.d8.test.DAIPAcceptanceTestSuite
When I click on <mainLinksItem> within the main links bar(gov.daip.d8.test.DailyRegressionSteps)  Time elapsed: 9.131 sec  <<< ERROR!
net.serenitybdd.core.exceptions.SerenityManagedException: The following error occurred: Expected enabled element was not enabled
	at gov.daip.d8.test.DailyRegressionSteps.when_I_click_on_the_main_links_within_the_main_links_bar(DailyRegressionSteps.java:105)
Caused by: org.openqa.selenium.TimeoutException: Expected condition failed: waiting for DAHomepage.assistanceMainLink to be enabled (tried for 5 second(s) with 100 MILLISECONDS interval)
	at gov.daip.d8.test.DailyRegressionSteps.when_I_click_on_the_main_links_within_the_main_links_bar(DailyRegressionSteps.java:105)
Caused by: org.openqa.selenium.NoSuchElementException: 
Timed out after 2 seconds. Element not found
For documentation on this error, please visit: http://seleniumhq.org/exceptions/no_such_element.html
Build info: version: '3.7.0', revision: '2321c73', time: '2017-11-02T22:22:35.584Z'
System info: host: 'c02rj1fvfvh8.users.bah.com', ip: 'fe80:0:0:0:10ac:5584:7dd:677%en0', os.name: 'Mac OS X', os.arch: 'x86_64', os.version: '10.12.6', java.version: '1.8.0_101'
Driver info: driver.version: unknown
	at gov.daip.d8.test.DailyRegressionSteps.when_I_click_on_the_main_links_within_the_main_links_bar(DailyRegressionSteps.java:105)

When I click on <mainLinksItem> within the main links bar(gov.daip.d8.test.DailyRegressionSteps)  Time elapsed: 8.817 sec  <<< ERROR!
net.serenitybdd.core.exceptions.SerenityManagedException: The following error occurred: Expected enabled element was not enabled
	at gov.daip.d8.test.DailyRegressionSteps.when_I_click_on_the_main_links_within_the_main_links_bar(DailyRegressionSteps.java:105)
Caused by: org.openqa.selenium.TimeoutException: Expected condition failed: waiting for DAHomepage.applyOnlineMainLink to be enabled (tried for 5 second(s) with 100 MILLISECONDS interval)
	at gov.daip.d8.test.DailyRegressionSteps.when_I_click_on_the_main_links_within_the_main_links_bar(DailyRegressionSteps.java:105)
Caused by: org.openqa.selenium.NoSuchElementException: 
Timed out after 2 seconds. Element not found
For documentation on this error, please visit: http://seleniumhq.org/exceptions/no_such_element.html
Build info: version: '3.7.0', revision: '2321c73', time: '2017-11-02T22:22:35.584Z'
System info: host: 'c02rj1fvfvh8.users.bah.com', ip: 'fe80:0:0:0:10ac:5584:7dd:677%en0', os.name: 'Mac OS X', os.arch: 'x86_64', os.version: '10.12.6', java.version: '1.8.0_101'
Driver info: driver.version: unknown
	at gov.daip.d8.test.DailyRegressionSteps.when_I_click_on_the_main_links_within_the_main_links_bar(DailyRegressionSteps.java:105)

When I click on <mainLinksItem> within the main links bar(gov.daip.d8.test.DailyRegressionSteps)  Time elapsed: 8.792 sec  <<< ERROR!
net.serenitybdd.core.exceptions.SerenityManagedException: The following error occurred: Expected enabled element was not enabled
	at gov.daip.d8.test.DailyRegressionSteps.when_I_click_on_the_main_links_within_the_main_links_bar(DailyRegressionSteps.java:105)
Caused by: org.openqa.selenium.TimeoutException: Expected condition failed: waiting for DAHomepage.checkStatusMainLink to be enabled (tried for 5 second(s) with 100 MILLISECONDS interval)
	at gov.daip.d8.test.DailyRegressionSteps.when_I_click_on_the_main_links_within_the_main_links_bar(DailyRegressionSteps.java:105)
Caused by: org.openqa.selenium.NoSuchElementException: 
Timed out after 2 seconds. Element not found
For documentation on this error, please visit: http://seleniumhq.org/exceptions/no_such_element.html
Build info: version: '3.7.0', revision: '2321c73', time: '2017-11-02T22:22:35.584Z'
System info: host: 'c02rj1fvfvh8.users.bah.com', ip: 'fe80:0:0:0:10ac:5584:7dd:677%en0', os.name: 'Mac OS X', os.arch: 'x86_64', os.version: '10.12.6', java.version: '1.8.0_101'
Driver info: driver.version: unknown
	at gov.daip.d8.test.DailyRegressionSteps.when_I_click_on_the_main_links_within_the_main_links_bar(DailyRegressionSteps.java:105)

When I click on <mainLinksItem> within the main links bar(gov.daip.d8.test.DailyRegressionSteps)  Time elapsed: 8.829 sec  <<< ERROR!
net.serenitybdd.core.exceptions.SerenityManagedException: The following error occurred: Expected enabled element was not enabled
	at gov.daip.d8.test.DailyRegressionSteps.when_I_click_on_the_main_links_within_the_main_links_bar(DailyRegressionSteps.java:105)
Caused by: org.openqa.selenium.TimeoutException: Expected condition failed: waiting for DAHomepage.assistanceMainLink to be enabled (tried for 5 second(s) with 100 MILLISECONDS interval)
	at gov.daip.d8.test.DailyRegressionSteps.when_I_click_on_the_main_links_within_the_main_links_bar(DailyRegressionSteps.java:105)
Caused by: org.openqa.selenium.NoSuchElementException: 
Timed out after 2 seconds. Element not found
For documentation on this error, please visit: http://seleniumhq.org/exceptions/no_such_element.html
Build info: version: '3.7.0', revision: '2321c73', time: '2017-11-02T22:22:35.584Z'
System info: host: 'c02rj1fvfvh8.users.bah.com', ip: 'fe80:0:0:0:10ac:5584:7dd:677%en0', os.name: 'Mac OS X', os.arch: 'x86_64', os.version: '10.12.6', java.version: '1.8.0_101'
Driver info: driver.version: unknown
	at gov.daip.d8.test.DailyRegressionSteps.when_I_click_on_the_main_links_within_the_main_links_bar(DailyRegressionSteps.java:105)

When I click on <mainLinksItem> within the main links bar(gov.daip.d8.test.DailyRegressionSteps)  Time elapsed: 8.805 sec  <<< ERROR!
net.serenitybdd.core.exceptions.SerenityManagedException: The following error occurred: Expected enabled element was not enabled
	at gov.daip.d8.test.DailyRegressionSteps.when_I_click_on_the_main_links_within_the_main_links_bar(DailyRegressionSteps.java:105)
Caused by: org.openqa.selenium.TimeoutException: Expected condition failed: waiting for DAHomepage.applyOnlineMainLink to be enabled (tried for 5 second(s) with 100 MILLISECONDS interval)
	at gov.daip.d8.test.DailyRegressionSteps.when_I_click_on_the_main_links_within_the_main_links_bar(DailyRegressionSteps.java:105)
Caused by: org.openqa.selenium.NoSuchElementException: 
Timed out after 2 seconds. Element not found
For documentation on this error, please visit: http://seleniumhq.org/exceptions/no_such_element.html
Build info: version: '3.7.0', revision: '2321c73', time: '2017-11-02T22:22:35.584Z'
System info: host: 'c02rj1fvfvh8.users.bah.com', ip: 'fe80:0:0:0:10ac:5584:7dd:677%en0', os.name: 'Mac OS X', os.arch: 'x86_64', os.version: '10.12.6', java.version: '1.8.0_101'
Driver info: driver.version: unknown
	at gov.daip.d8.test.DailyRegressionSteps.when_I_click_on_the_main_links_within_the_main_links_bar(DailyRegressionSteps.java:105)

When I click on <mainLinksItem> within the main links bar(gov.daip.d8.test.DailyRegressionSteps)  Time elapsed: 8.798 sec  <<< ERROR!
net.serenitybdd.core.exceptions.SerenityManagedException: The following error occurred: Expected enabled element was not enabled
	at gov.daip.d8.test.DailyRegressionSteps.when_I_click_on_the_main_links_within_the_main_links_bar(DailyRegressionSteps.java:105)
Caused by: org.openqa.selenium.TimeoutException: Expected condition failed: waiting for DAHomepage.checkStatusMainLink to be enabled (tried for 5 second(s) with 100 MILLISECONDS interval)
	at gov.daip.d8.test.DailyRegressionSteps.when_I_click_on_the_main_links_within_the_main_links_bar(DailyRegressionSteps.java:105)
Caused by: org.openqa.selenium.NoSuchElementException: 
Timed out after 2 seconds. Element not found
For documentation on this error, please visit: http://seleniumhq.org/exceptions/no_such_element.html
Build info: version: '3.7.0', revision: '2321c73', time: '2017-11-02T22:22:35.584Z'
System info: host: 'c02rj1fvfvh8.users.bah.com', ip: 'fe80:0:0:0:10ac:5584:7dd:677%en0', os.name: 'Mac OS X', os.arch: 'x86_64', os.version: '10.12.6', java.version: '1.8.0_101'
Driver info: driver.version: unknown
	at gov.daip.d8.test.DailyRegressionSteps.when_I_click_on_the_main_links_within_the_main_links_bar(DailyRegressionSteps.java:105)

Then the results should include the search words for that item(gov.daip.d8.test.DailyRegressionSteps)  Time elapsed: 4.573 sec  <<< ERROR!
net.serenitybdd.core.exceptions.SerenityManagedException: 
The following error occurred: Timed out after 2 seconds. Element not found
For documentation on this error, please visit: http://seleniumhq.org/exceptions/no_such_element.html
Build info: version: '3.7.0', revision: '2321c73', time: '2017-11-02T22:22:35.584Z'
System info: host: 'c02rj1fvfvh8.users.bah.com', ip: 'fe80:0:0:0:10ac:5584:7dd:677%en0', os.name: 'Mac OS X', os.arch: 'x86_64', os.version: '10.12.6', java.version: '1.8.0_101'
Driver info: driver.version: unknown
	at gov.daip.d8.test.DailyRegressionSteps.thenShouldIncludeSearchWords(DailyRegressionSteps.java:195)

Then the results should include the search words for that item(gov.daip.d8.test.DailyRegressionSteps)  Time elapsed: 4.577 sec  <<< ERROR!
net.serenitybdd.core.exceptions.SerenityManagedException: 
The following error occurred: Timed out after 2 seconds. Element not found
For documentation on this error, please visit: http://seleniumhq.org/exceptions/no_such_element.html
Build info: version: '3.7.0', revision: '2321c73', time: '2017-11-02T22:22:35.584Z'
System info: host: 'c02rj1fvfvh8.users.bah.com', ip: 'fe80:0:0:0:10ac:5584:7dd:677%en0', os.name: 'Mac OS X', os.arch: 'x86_64', os.version: '10.12.6', java.version: '1.8.0_101'
Driver info: driver.version: unknown
	at gov.daip.d8.test.DailyRegressionSteps.thenShouldIncludeSearchWords(DailyRegressionSteps.java:195)

Then the results should include the search words for that item(gov.daip.d8.test.DailyRegressionSteps)  Time elapsed: 4.598 sec  <<< ERROR!
net.serenitybdd.core.exceptions.SerenityManagedException: 
The following error occurred: Timed out after 2 seconds. Element not found
For documentation on this error, please visit: http://seleniumhq.org/exceptions/no_such_element.html
Build info: version: '3.7.0', revision: '2321c73', time: '2017-11-02T22:22:35.584Z'
System info: host: 'c02rj1fvfvh8.users.bah.com', ip: 'fe80:0:0:0:10ac:5584:7dd:677%en0', os.name: 'Mac OS X', os.arch: 'x86_64', os.version: '10.12.6', java.version: '1.8.0_101'
Driver info: driver.version: unknown
	at gov.daip.d8.test.DailyRegressionSteps.thenShouldIncludeSearchWords(DailyRegressionSteps.java:195)

Then I should obtain 9 results and see all the content under the accordions(gov.daip.d8.test.DailyRegressionSteps)  Time elapsed: 5.549 sec  <<< FAILURE!
java.lang.AssertionError: expected:<9> but was:<0>
	at gov.daip.d8.test.DailyRegressionSteps.then_I_should_obtain_9_results_and_see_all_the_content_under_the_accordions(DailyRegressionSteps.java:249)

Then I should be able to see all of the content in Spanish(gov.daip.d8.test.DailyRegressionSteps)  Time elapsed: 13.993 sec  <<< FAILURE!
java.lang.AssertionError: expected:<60> but was:<62>
	at gov.daip.d8.test.DailyRegressionSteps.then_i_should_be_able_to_see_all_the_content_spanish(DailyRegressionSteps.java:281)

