<?xml version="1.0" encoding="UTF-8"?><testsuite errors="1" failures="1" name="Regression checklist spanish" skipped="43" tests="46" time="472.8" timestamp="2018-01-08T13:14:10.816-05:00[America/New_York]"><testcase name="(Spanish) Verify all the menu links on the &quot;Get Assistance&quot; tab"><skipped/></testcase><testcase name="(Spanish) Verify all the menu links on the &quot;Information&quot; tab"><skipped/></testcase><testcase name="(Spanish) Verify all the menu links on the &quot;About Us&quot; tab"><skipped/></testcase><testcase name="(Spanish) Verify all the menu links on the &quot;Help&quot; tab"><skipped/></testcase><testcase name="(Spanish) Verify the main links on homepage to assert that the Spanish pages open correctly"><skipped/></testcase><testcase name="(Spanish) Verify states in the Spanish declared disaster map are clickable"><skipped/></testcase><testcase name="(Spanish) Verify the declared states on the declared disaster map"><skipped/></testcase><testcase name="(Spanish) Verify Local Resources flows correctly on the Spanish homepage"><skipped/></testcase><testcase name="(Spanish) Verify all of the titles on the &quot;News Feeds&quot; landing page node"><skipped/></testcase><testcase name="(Spanish) Verify the results of the quick search items"><skipped/></testcase><testcase name="(Spanish) Verify the declared disasters with Address Look-up"><error message="The following error occurred: Timed out after 2 seconds. Element not found&#10;For documentation on this error, please visit: http://seleniumhq.org/exceptions/no_such_element.html&#10;Build info: version: '3.7.0', revision: '2321c73', time: '2017-11-02T22:22:35.584Z'&#10;System info: host: 'c02rj1fvfvh8.users.bah.com', ip: 'fe80:0:0:0:1470:558c:2427:d727%en0', os.name: 'Mac OS X', os.arch: 'x86_64', os.version: '10.12.6', java.version: '1.8.0_101'&#10;Driver info: driver.version: unknown" type="org.openqa.selenium.NoSuchElementException">The following error occurred: Timed out after 2 seconds. Element not found
For documentation on this error, please visit: http://seleniumhq.org/exceptions/no_such_element.html
Build info: version: '3.7.0', revision: '2321c73', time: '2017-11-02T22:22:35.584Z'
System info: host: 'c02rj1fvfvh8.users.bah.com', ip: 'fe80:0:0:0:1470:558c:2427:d727%en0', os.name: 'Mac OS X', os.arch: 'x86_64', os.version: '10.12.6', java.version: '1.8.0_101'
Driver info: driver.version: unknown</error><system-err>The following error occurred: Timed out after 2 seconds. Element not found
For documentation on this error, please visit: http://seleniumhq.org/exceptions/no_such_element.html
Build info: version: '3.7.0', revision: '2321c73', time: '2017-11-02T22:22:35.584Z'
System info: host: 'c02rj1fvfvh8.users.bah.com', ip: 'fe80:0:0:0:1470:558c:2427:d727%en0', os.name: 'Mac OS X', os.arch: 'x86_64', os.version: '10.12.6', java.version: '1.8.0_101'
Driver info: driver.version: unknown
gov.daip.d8.test.pageObject.DAHomepage.disasterAppears(DAHomepage.java:475)
gov.daip.d8.test.User.disasterResults(User.java:351)
gov.daip.d8.test.DailyRegressionSteps.thenShouldGetResultsForGivenDisaster(DailyRegressionSteps.java:213)
</system-err></testcase><testcase name="(Spanish) Verify Spanish benefits results display according to use cases"><skipped/></testcase><testcase name="(Spanish) Dynamically verify results of the questionnaire on the &quot;Find Assistance&quot; page"><skipped/></testcase><testcase name="(Spanish) Verify all the functionality of the FOA questionnaire"><skipped/></testcase><testcase name="(Spanish) Verify that the FEMA Twitter feed is present on the Spanish homepage"><skipped/></testcase><testcase name="(Spanish) Verify the Category Type filter with the first seven types on the Forms of Assistance page"/><testcase name="(Spanish) Verify the Category Type filter with the next eight types on the Forms of Assistance page"><failure message="The following error occurred: Expected enabled element was not enabled" type="net.thucydides.core.webdriver.exceptions.ElementShouldBeEnabledException">The following error occurred: Expected enabled element was not enabled</failure><system-err>The following error occurred: Expected enabled element was not enabled
gov.daip.d8.test.pageObject.DALandingPage.clickNextCategoryTypes(DALandingPage.java:273)
gov.daip.d8.test.User.clickNextCategoryType(User.java:441)
gov.daip.d8.test.DailyRegressionSteps.when_I_check_next_eight_category_types(DailyRegressionSteps.java:328)
</system-err></testcase><testcase name="(Spanish) Verify the Federal Agency filter on the Forms of Assistance page"><skipped/></testcase><testcase name="(Spanish) Verify the Federal Agency filter with the next seven types on the Forms of Assistance page"><skipped/></testcase></testsuite>